<?xml version="1.0" encoding="UTF-8"?>
<!-- Generated by org.testng.reporters.JUnitReportReporter -->
<testsuite hostname="ELW5199" failures="0" tests="2" name="cloud.AmazonAzure" time="19.007" errors="0" timestamp="04 Dec 2022 13:09:25 GMT" skipped="0">
  <testcase classname="cloud.AmazonAzure" name="amazon" time="17.020"/>
  <testcase classname="cloud.AmazonAzure" name="api" time="1.987"/>
</testsuite> <!-- cloud.AmazonAzure -->
